빌드 시작: 2016-10-18 오후 6:33:47
     1>2 노드의 "C:\Users\Garden\Desktop\공부\2학년 2학기\객체지향 프로그래밍\Project2\proj2\prob2\Prob2\Prob2.vcxproj" 프로젝트(Build 대상)입니다.
     1>ClCompile:
         C:\Program Files (x86)\Microsoft Visual Studio 12.0\VC\bin\CL.exe /c /ZI /nologo /W3 /WX- /sdl /Od /Oy- /D WIN32 /D _DEBUG /D _CONSOLE /D _LIB /D _UNICODE /D UNICODE /Gm /EHsc /RTC1 /MDd /GS /fp:precise /Zc:wchar_t /Zc:forScope /Fo"Debug\\" /Fd"Debug\vc120.pdb" /Gd /TP /analyze- /errorReport:prompt ..\..\Prob1\Prob1\inf_int.cpp
         inf_int.cpp
     1>c:\users\garden\desktop\공부\2학년 2학기\객체지향 프로그래밍\project2\proj2\prob1\prob1\inf_int.cpp(63): warning C4018: '<' : signed 또는 unsigned가 일치하지 않습니다.
     1>c:\users\garden\desktop\공부\2학년 2학기\객체지향 프로그래밍\project2\proj2\prob1\prob1\inf_int.cpp(73): warning C4018: '<' : signed 또는 unsigned가 일치하지 않습니다.
     1>c:\users\garden\desktop\공부\2학년 2학기\객체지향 프로그래밍\project2\proj2\prob1\prob1\inf_int.cpp(323): warning C4018: '<' : signed 또는 unsigned가 일치하지 않습니다.
     1>c:\users\garden\desktop\공부\2학년 2학기\객체지향 프로그래밍\project2\proj2\prob1\prob1\inf_int.cpp(344): warning C4018: '<' : signed 또는 unsigned가 일치하지 않습니다.
     1>c:\users\garden\desktop\공부\2학년 2학기\객체지향 프로그래밍\project2\proj2\prob1\prob1\inf_int.cpp(356): warning C4018: '<' : signed 또는 unsigned가 일치하지 않습니다.
     1>c:\users\garden\desktop\공부\2학년 2학기\객체지향 프로그래밍\project2\proj2\prob1\prob1\inf_int.cpp(378): warning C4018: '<' : signed 또는 unsigned가 일치하지 않습니다.
     1>c:\users\garden\desktop\공부\2학년 2학기\객체지향 프로그래밍\project2\proj2\prob1\prob1\inf_int.cpp(396): warning C4018: '<' : signed 또는 unsigned가 일치하지 않습니다.
     1>c:\users\garden\desktop\공부\2학년 2학기\객체지향 프로그래밍\project2\proj2\prob1\prob1\inf_int.cpp(404): warning C4018: '<' : signed 또는 unsigned가 일치하지 않습니다.
       Link:
         C:\Program Files (x86)\Microsoft Visual Studio 12.0\VC\bin\link.exe /ERRORREPORT:PROMPT /OUT:"C:\Users\Garden\Desktop\공부\2학년 2학기\객체지향 프로그래밍\Project2\proj2\prob2\Debug\Prob2.exe" /INCREMENTAL /NOLOGO kernel32.lib user32.lib gdi32.lib winspool.lib comdlg32.lib advapi32.lib shell32.lib ole32.lib oleaut32.lib uuid.lib odbc32.lib odbccp32.lib /MANIFEST /MANIFESTUAC:"level='asInvoker' uiAccess='false'" /manifest:embed /DEBUG /PDB:"C:\Users\Garden\Desktop\공부\2학년 2학기\객체지향 프로그래밍\Project2\proj2\prob2\Debug\Prob2.pdb" /SUBSYSTEM:CONSOLE /TLBID:1 /DYNAMICBASE /NXCOMPAT /IMPLIB:"C:\Users\Garden\Desktop\공부\2학년 2학기\객체지향 프로그래밍\Project2\proj2\prob2\Debug\Prob2.lib" /MACHINE:X86 Debug\inf_int.obj
         Debug\main.obj
         Prob2.vcxproj -> C:\Users\Garden\Desktop\공부\2학년 2학기\객체지향 프로그래밍\Project2\proj2\prob2\Debug\Prob2.exe
     1>"C:\Users\Garden\Desktop\공부\2학년 2학기\객체지향 프로그래밍\Project2\proj2\prob2\Prob2\Prob2.vcxproj" 프로젝트를 빌드했습니다(Build 대상).

빌드했습니다.

경과 시간: 00:00:00.81
